<?xml version="1.0" encoding="UTF-8"?>
<testng-results skipped="0" failed="0" total="1" passed="1">
  <reporter-output>
  </reporter-output>
  <suite name="Default suite" duration-ms="18982" started-at="2021-03-26T20:01:50Z" finished-at="2021-03-26T20:02:09Z">
    <groups>
    </groups>
    <test name="Default test" duration-ms="18982" started-at="2021-03-26T20:01:50Z" finished-at="2021-03-26T20:02:09Z">
      <class name="com.abc.applications.i94.scripts.I94GroupUpload">
        <test-method status="PASS" signature="generateReport()[pri:0, instance:com.abc.applications.i94.scripts.I94GroupUpload@6eebc39e]" name="generateReport" is-config="true" duration-ms="183" started-at="2021-03-26T16:01:50Z" finished-at="2021-03-26T16:01:50Z">
          <reporter-output>
          </reporter-output>
        </test-method> <!-- generateReport -->
        <test-method status="PASS" signature="beforeClass()[pri:0, instance:com.abc.applications.i94.scripts.I94GroupUpload@6eebc39e]" name="beforeClass" is-config="true" duration-ms="2112" started-at="2021-03-26T16:01:50Z" finished-at="2021-03-26T16:01:52Z">
          <reporter-output>
          </reporter-output>
        </test-method> <!-- beforeClass -->
        <test-method status="PASS" signature="methodName(java.lang.reflect.Method)[pri:0, instance:com.abc.applications.i94.scripts.I94GroupUpload@6eebc39e]" name="methodName" is-config="true" duration-ms="7" started-at="2021-03-26T16:01:52Z" finished-at="2021-03-26T16:01:52Z">
          <params>
            <param index="0">
              <value>
                <![CDATA[public void com.abc.applications.i94.scripts.I94GroupUpload.I94testGroupUpload() throws java.lang.Exception]]>
              </value>
            </param>
          </params>
          <reporter-output>
          </reporter-output>
        </test-method> <!-- methodName -->
        <test-method status="PASS" signature="I94testGroupUpload()[pri:0, instance:com.abc.applications.i94.scripts.I94GroupUpload@6eebc39e]" name="I94testGroupUpload" duration-ms="15427" started-at="2021-03-26T16:01:52Z" finished-at="2021-03-26T16:02:07Z">
          <reporter-output>
          </reporter-output>
        </test-method> <!-- I94testGroupUpload -->
        <test-method status="PASS" signature="afterClass()[pri:0, instance:com.abc.applications.i94.scripts.I94GroupUpload@6eebc39e]" name="afterClass" is-config="true" duration-ms="1210" started-at="2021-03-26T16:02:07Z" finished-at="2021-03-26T16:02:09Z">
          <reporter-output>
          </reporter-output>
        </test-method> <!-- afterClass -->
      </class> <!-- com.abc.applications.i94.scripts.I94GroupUpload -->
    </test> <!-- Default test -->
  </suite> <!-- Default suite -->
</testng-results>
