<?xml version="1.0" encoding="UTF-8"?>
<!-- Generated by org.testng.reporters.JUnitXMLReporter -->
<testsuite hostname="LAPTOP-2BGIP9DO" name="Nopackage" tests="5" failures="0" timestamp="25 Mar 2021 15:40:21 GMT" time="58.572" errors="0">
  <testcase name="I94testApplyNow" time="10.951" classname="com.abc.applications.i94.scripts.I94ApplyNow"/>
  <testcase name="I94testGroupUpload" time="14.042" classname="com.abc.applications.i94.scripts.I94GroupUpload"/>
  <testcase name="estaApplyNow" time="6.528" classname="com.abc.applications.esta.scripts.EstaApplyNow"/>
  <testcase name="evusApplyNow" time="5.847" classname="com.abc.applications.EVUS.scripts.EvusApplyNow"/>
  <testcase name="i736ApplyNow" time="5.418" classname="com.abc.applications.i736.scripts.I736ApplyNow"/>
</testsuite> <!-- Nopackage -->
