<?xml version="1.0" encoding="UTF-8"?>
<!-- Generated by org.testng.reporters.JUnitXMLReporter -->
<testsuite hostname="LAPTOP-2BGIP9DO" name="Nopackage" tests="5" failures="0" timestamp="25 Mar 2021 13:46:20 GMT" time="54.954" errors="0">
  <testcase name="I94testApplyNow" time="10.026" classname="com.abc.applications.i94.scripts.I94ApplyNow"/>
  <testcase name="I94testGroupUpload" time="12.727" classname="com.abc.applications.i94.scripts.I94GroupUpload"/>
  <testcase name="estaApplyNow" time="6.609" classname="com.abc.applications.esta.scripts.EstaApplyNow"/>
  <testcase name="evusApplyNow" time="5.709" classname="com.abc.applications.EVUS.scripts.EvusApplyNow"/>
  <testcase name="i736ApplyNow" time="8.576" classname="com.abc.applications.i736.scripts.I736ApplyNow"/>
</testsuite> <!-- Nopackage -->
